<?xml version="1.0" encoding="UTF-8"?>
<coverage generated="1605834285928" clover="3.2.0">
  <project timestamp="1605834285928" name="All files">
    <metrics statements="1" coveredstatements="1" conditionals="55" coveredconditionals="35" methods="12" coveredmethods="12" elements="68" coveredelements="48" complexity="0" loc="1" ncloc="1" packages="1" files="1" classes="1"/>
    <file name="date.js" path="/mnt/c/Users/spraj/Desktop/few21-date_lib/umd/date.js">
      <metrics statements="1" coveredstatements="1" conditionals="55" coveredconditionals="35" methods="12" coveredmethods="12"/>
      <line num="1" count="36" type="cond" truecount="35" falsecount="20"/>
    </file>
  </project>
</coverage>
