{"/mnt/c/Users/spraj/Desktop/few21-date_lib/umd/date.js": {"path":"/mnt/c/Users/spraj/Desktop/few21-date_lib/umd/date.js","statementMap":{"0":{"start":{"line":1,"column":0},"end":{"line":1,"column":1752}},"1":{"start":{"line":1,"column":15},"end":{"line":1,"column":194}},"2":{"start":{"line":1,"column":234},"end":{"line":1,"column":345}},"3":{"start":{"line":1,"column":348},"end":{"line":1,"column":421}},"4":{"start":{"line":1,"column":436},"end":{"line":1,"column":462}},"5":{"start":{"line":1,"column":463},"end":{"line":1,"column":1748}},"6":{"start":{"line":1,"column":494},"end":{"line":1,"column":695}},"7":{"start":{"line":1,"column":707},"end":{"line":1,"column":737}},"8":{"start":{"line":1,"column":750},"end":{"line":1,"column":777}},"9":{"start":{"line":1,"column":788},"end":{"line":1,"column":814}},"10":{"start":{"line":1,"column":826},"end":{"line":1,"column":853}},"11":{"start":{"line":1,"column":864},"end":{"line":1,"column":893}},"12":{"start":{"line":1,"column":905},"end":{"line":1,"column":934}},"13":{"start":{"line":1,"column":948},"end":{"line":1,"column":1008}},"14":{"start":{"line":1,"column":958},"end":{"line":1,"column":1008}},"15":{"start":{"line":1,"column":1015},"end":{"line":1,"column":1017}},"16":{"start":{"line":1,"column":1018},"end":{"line":1,"column":1092}},"17":{"start":{"line":1,"column":1028},"end":{"line":1,"column":1029}},"18":{"start":{"line":1,"column":1046},"end":{"line":1,"column":1092}},"19":{"start":{"line":1,"column":1092},"end":{"line":1,"column":1100}},"20":{"start":{"line":1,"column":1115},"end":{"line":1,"column":1155}},"21":{"start":{"line":1,"column":1156},"end":{"line":1,"column":1746}}},"fnMap":{"0":{"name":"(anonymous_0)","decl":{"start":{"line":1,"column":1},"end":{"line":1,"column":2}},"loc":{"start":{"line":1,"column":14},"end":{"line":1,"column":195}},"line":1},"1":{"name":"(anonymous_1)","decl":{"start":{"line":1,"column":202},"end":{"line":1,"column":203}},"loc":{"start":{"line":1,"column":212},"end":{"line":1,"column":1749}},"line":1},"2":{"name":"o","decl":{"start":{"line":1,"column":431},"end":{"line":1,"column":432}},"loc":{"start":{"line":1,"column":435},"end":{"line":1,"column":463}},"line":1},"3":{"name":"(anonymous_3)","decl":{"start":{"line":1,"column":476},"end":{"line":1,"column":477}},"loc":{"start":{"line":1,"column":493},"end":{"line":1,"column":696}},"line":1},"4":{"name":"(anonymous_4)","decl":{"start":{"line":1,"column":696},"end":{"line":1,"column":697}},"loc":{"start":{"line":1,"column":706},"end":{"line":1,"column":738}},"line":1},"5":{"name":"(anonymous_5)","decl":{"start":{"line":1,"column":738},"end":{"line":1,"column":739}},"loc":{"start":{"line":1,"column":749},"end":{"line":1,"column":778}},"line":1},"6":{"name":"(anonymous_6)","decl":{"start":{"line":1,"column":778},"end":{"line":1,"column":779}},"loc":{"start":{"line":1,"column":787},"end":{"line":1,"column":815}},"line":1},"7":{"name":"(anonymous_7)","decl":{"start":{"line":1,"column":815},"end":{"line":1,"column":816}},"loc":{"start":{"line":1,"column":825},"end":{"line":1,"column":854}},"line":1},"8":{"name":"(anonymous_8)","decl":{"start":{"line":1,"column":854},"end":{"line":1,"column":855}},"loc":{"start":{"line":1,"column":863},"end":{"line":1,"column":894}},"line":1},"9":{"name":"(anonymous_9)","decl":{"start":{"line":1,"column":894},"end":{"line":1,"column":895}},"loc":{"start":{"line":1,"column":904},"end":{"line":1,"column":935}},"line":1},"10":{"name":"(anonymous_10)","decl":{"start":{"line":1,"column":935},"end":{"line":1,"column":936}},"loc":{"start":{"line":1,"column":947},"end":{"line":1,"column":1102}},"line":1},"11":{"name":"(anonymous_11)","decl":{"start":{"line":1,"column":1102},"end":{"line":1,"column":1103}},"loc":{"start":{"line":1,"column":1108},"end":{"line":1,"column":1747}},"line":1}},"branchMap":{"0":{"loc":{"start":{"line":1,"column":15},"end":{"line":1,"column":194}},"type":"cond-expr","locations":[{"start":{"line":1,"column":68},"end":{"line":1,"column":86}},{"start":{"line":1,"column":87},"end":{"line":1,"column":194}}],"line":1},"1":{"loc":{"start":{"line":1,"column":15},"end":{"line":1,"column":67}},"type":"binary-expr","locations":[{"start":{"line":1,"column":15},"end":{"line":1,"column":39}},{"start":{"line":1,"column":41},"end":{"line":1,"column":67}}],"line":1},"2":{"loc":{"start":{"line":1,"column":87},"end":{"line":1,"column":194}},"type":"cond-expr","locations":[{"start":{"line":1,"column":125},"end":{"line":1,"column":134}},{"start":{"line":1,"column":135},"end":{"line":1,"column":194}}],"line":1},"3":{"loc":{"start":{"line":1,"column":87},"end":{"line":1,"column":124}},"type":"binary-expr","locations":[{"start":{"line":1,"column":87},"end":{"line":1,"column":112}},{"start":{"line":1,"column":114},"end":{"line":1,"column":124}}],"line":1},"4":{"loc":{"start":{"line":1,"column":138},"end":{"line":1,"column":187}},"type":"cond-expr","locations":[{"start":{"line":1,"column":169},"end":{"line":1,"column":179}},{"start":{"line":1,"column":180},"end":{"line":1,"column":187}}],"line":1},"5":{"loc":{"start":{"line":1,"column":180},"end":{"line":1,"column":187}},"type":"binary-expr","locations":[{"start":{"line":1,"column":180},"end":{"line":1,"column":181}},{"start":{"line":1,"column":183},"end":{"line":1,"column":187}}],"line":1},"6":{"loc":{"start":{"line":1,"column":443},"end":{"line":1,"column":462}},"type":"cond-expr","locations":[{"start":{"line":1,"column":448},"end":{"line":1,"column":455}},{"start":{"line":1,"column":456},"end":{"line":1,"column":462}}],"line":1},"7":{"loc":{"start":{"line":1,"column":942},"end":{"line":1,"column":946}},"type":"default-arg","locations":[{"start":{"line":1,"column":944},"end":{"line":1,"column":946}}],"line":1},"8":{"loc":{"start":{"line":1,"column":948},"end":{"line":1,"column":1008}},"type":"if","locations":[{"start":{"line":1,"column":948},"end":{"line":1,"column":1008}},{"start":{"line":1,"column":948},"end":{"line":1,"column":1008}}],"line":1},"9":{"loc":{"start":{"line":1,"column":1046},"end":{"line":1,"column":1091}},"type":"cond-expr","locations":[{"start":{"line":1,"column":1064},"end":{"line":1,"column":1083}},{"start":{"line":1,"column":1084},"end":{"line":1,"column":1091}}],"line":1},"10":{"loc":{"start":{"line":1,"column":1163},"end":{"line":1,"column":1746}},"type":"cond-expr","locations":[{"start":{"line":1,"column":1169},"end":{"line":1,"column":1176}},{"start":{"line":1,"column":1178},"end":{"line":1,"column":1745}}],"line":1},"11":{"loc":{"start":{"line":1,"column":1185},"end":{"line":1,"column":1745}},"type":"cond-expr","locations":[{"start":{"line":1,"column":1200},"end":{"line":1,"column":1273}},{"start":{"line":1,"column":1275},"end":{"line":1,"column":1744}}],"line":1},"12":{"loc":{"start":{"line":1,"column":1225},"end":{"line":1,"column":1246}},"type":"cond-expr","locations":[{"start":{"line":1,"column":1240},"end":{"line":1,"column":1243}},{"start":{"line":1,"column":1244},"end":{"line":1,"column":1246}}],"line":1},"13":{"loc":{"start":{"line":1,"column":1250},"end":{"line":1,"column":1272}},"type":"cond-expr","locations":[{"start":{"line":1,"column":1254},"end":{"line":1,"column":1265}},{"start":{"line":1,"column":1266},"end":{"line":1,"column":1272}}],"line":1},"14":{"loc":{"start":{"line":1,"column":1281},"end":{"line":1,"column":1744}},"type":"cond-expr","locations":[{"start":{"line":1,"column":1296},"end":{"line":1,"column":1369}},{"start":{"line":1,"column":1371},"end":{"line":1,"column":1743}}],"line":1},"15":{"loc":{"start":{"line":1,"column":1321},"end":{"line":1,"column":1342}},"type":"cond-expr","locations":[{"start":{"line":1,"column":1336},"end":{"line":1,"column":1339}},{"start":{"line":1,"column":1340},"end":{"line":1,"column":1342}}],"line":1},"16":{"loc":{"start":{"line":1,"column":1346},"end":{"line":1,"column":1368}},"type":"cond-expr","locations":[{"start":{"line":1,"column":1350},"end":{"line":1,"column":1361}},{"start":{"line":1,"column":1362},"end":{"line":1,"column":1368}}],"line":1},"17":{"loc":{"start":{"line":1,"column":1377},"end":{"line":1,"column":1743}},"type":"cond-expr","locations":[{"start":{"line":1,"column":1392},"end":{"line":1,"column":1463}},{"start":{"line":1,"column":1465},"end":{"line":1,"column":1742}}],"line":1},"18":{"loc":{"start":{"line":1,"column":1415},"end":{"line":1,"column":1436}},"type":"cond-expr","locations":[{"start":{"line":1,"column":1430},"end":{"line":1,"column":1433}},{"start":{"line":1,"column":1434},"end":{"line":1,"column":1436}}],"line":1},"19":{"loc":{"start":{"line":1,"column":1440},"end":{"line":1,"column":1462}},"type":"cond-expr","locations":[{"start":{"line":1,"column":1444},"end":{"line":1,"column":1455}},{"start":{"line":1,"column":1456},"end":{"line":1,"column":1462}}],"line":1},"20":{"loc":{"start":{"line":1,"column":1471},"end":{"line":1,"column":1742}},"type":"cond-expr","locations":[{"start":{"line":1,"column":1486},"end":{"line":1,"column":1556}},{"start":{"line":1,"column":1558},"end":{"line":1,"column":1741}}],"line":1},"21":{"loc":{"start":{"line":1,"column":1508},"end":{"line":1,"column":1529}},"type":"cond-expr","locations":[{"start":{"line":1,"column":1523},"end":{"line":1,"column":1526}},{"start":{"line":1,"column":1527},"end":{"line":1,"column":1529}}],"line":1},"22":{"loc":{"start":{"line":1,"column":1533},"end":{"line":1,"column":1555}},"type":"cond-expr","locations":[{"start":{"line":1,"column":1537},"end":{"line":1,"column":1548}},{"start":{"line":1,"column":1549},"end":{"line":1,"column":1555}}],"line":1},"23":{"loc":{"start":{"line":1,"column":1569},"end":{"line":1,"column":1741}},"type":"cond-expr","locations":[{"start":{"line":1,"column":1584},"end":{"line":1,"column":1656}},{"start":{"line":1,"column":1658},"end":{"line":1,"column":1740}}],"line":1},"24":{"loc":{"start":{"line":1,"column":1608},"end":{"line":1,"column":1629}},"type":"cond-expr","locations":[{"start":{"line":1,"column":1623},"end":{"line":1,"column":1626}},{"start":{"line":1,"column":1627},"end":{"line":1,"column":1629}}],"line":1},"25":{"loc":{"start":{"line":1,"column":1633},"end":{"line":1,"column":1655}},"type":"cond-expr","locations":[{"start":{"line":1,"column":1637},"end":{"line":1,"column":1648}},{"start":{"line":1,"column":1649},"end":{"line":1,"column":1655}}],"line":1},"26":{"loc":{"start":{"line":1,"column":1692},"end":{"line":1,"column":1713}},"type":"cond-expr","locations":[{"start":{"line":1,"column":1707},"end":{"line":1,"column":1710}},{"start":{"line":1,"column":1711},"end":{"line":1,"column":1713}}],"line":1},"27":{"loc":{"start":{"line":1,"column":1717},"end":{"line":1,"column":1739}},"type":"cond-expr","locations":[{"start":{"line":1,"column":1721},"end":{"line":1,"column":1732}},{"start":{"line":1,"column":1733},"end":{"line":1,"column":1739}}],"line":1}},"s":{"0":1,"1":1,"2":1,"3":1,"4":36,"5":1,"6":9,"7":22,"8":22,"9":22,"10":21,"11":21,"12":21,"13":7,"14":1,"15":6,"16":6,"17":6,"18":36,"19":6,"20":8,"21":8},"f":{"0":1,"1":1,"2":36,"3":9,"4":22,"5":22,"6":22,"7":21,"8":21,"9":21,"10":7,"11":8},"b":{"0":[1,0],"1":[1,1],"2":[0,0],"3":[0,0],"4":[0,0],"5":[0,0],"6":[19,17],"7":[1],"8":[1,6],"9":[21,15],"10":[1,7],"11":[1,6],"12":[1,0],"13":[0,1],"14":[1,5],"15":[1,0],"16":[0,1],"17":[1,4],"18":[1,0],"19":[0,1],"20":[1,3],"21":[1,0],"22":[0,1],"23":[1,2],"24":[0,1],"25":[0,1],"26":[1,1],"27":[0,2]},"_coverageSchema":"1a1c01bbd47fc00a2c39e90264f33305004495a9","hash":"3075ba3f58045ca5a5dee37c77f81297cc51b941"}
}
