{"/mnt/c/Users/spraj/Desktop/few21-date_lib/date.js": {"path":"/mnt/c/Users/spraj/Desktop/few21-date_lib/date.js","statementMap":{"0":{"start":{"line":3,"column":17},"end":{"line":4,"column":65}},"1":{"start":{"line":6,"column":15},"end":{"line":7,"column":27}},"2":{"start":{"line":11,"column":4},"end":{"line":11,"column":33}},"3":{"start":{"line":12,"column":4},"end":{"line":25,"column":5}},"4":{"start":{"line":34,"column":4},"end":{"line":34,"column":34}},"5":{"start":{"line":43,"column":4},"end":{"line":43,"column":31}},"6":{"start":{"line":52,"column":4},"end":{"line":52,"column":30}},"7":{"start":{"line":61,"column":4},"end":{"line":61,"column":31}},"8":{"start":{"line":71,"column":4},"end":{"line":71,"column":33}},"9":{"start":{"line":80,"column":4},"end":{"line":80,"column":33}},"10":{"start":{"line":91,"column":4},"end":{"line":105,"column":5}},"11":{"start":{"line":92,"column":6},"end":{"line":92,"column":63}},"12":{"start":{"line":95,"column":17},"end":{"line":95,"column":19}},"13":{"start":{"line":96,"column":6},"end":{"line":103,"column":7}},"14":{"start":{"line":96,"column":19},"end":{"line":96,"column":20}},"15":{"start":{"line":97,"column":8},"end":{"line":102,"column":9}},"16":{"start":{"line":98,"column":10},"end":{"line":98,"column":34}},"17":{"start":{"line":101,"column":10},"end":{"line":101,"column":22}},"18":{"start":{"line":104,"column":6},"end":{"line":104,"column":17}},"19":{"start":{"line":115,"column":18},"end":{"line":115,"column":28}},"20":{"start":{"line":116,"column":15},"end":{"line":116,"column":52}},"21":{"start":{"line":117,"column":4},"end":{"line":119,"column":5}},"22":{"start":{"line":118,"column":6},"end":{"line":118,"column":20}},"23":{"start":{"line":120,"column":4},"end":{"line":120,"column":16}},"24":{"start":{"line":121,"column":4},"end":{"line":123,"column":5}},"25":{"start":{"line":122,"column":6},"end":{"line":122,"column":108}},"26":{"start":{"line":124,"column":4},"end":{"line":124,"column":14}},"27":{"start":{"line":125,"column":4},"end":{"line":127,"column":5}},"28":{"start":{"line":126,"column":6},"end":{"line":126,"column":108}},"29":{"start":{"line":128,"column":4},"end":{"line":128,"column":14}},"30":{"start":{"line":129,"column":4},"end":{"line":131,"column":5}},"31":{"start":{"line":130,"column":6},"end":{"line":130,"column":106}},"32":{"start":{"line":132,"column":4},"end":{"line":132,"column":14}},"33":{"start":{"line":133,"column":4},"end":{"line":135,"column":5}},"34":{"start":{"line":134,"column":6},"end":{"line":134,"column":105}},"35":{"start":{"line":136,"column":4},"end":{"line":136,"column":14}},"36":{"start":{"line":137,"column":4},"end":{"line":137,"column":13}},"37":{"start":{"line":138,"column":4},"end":{"line":140,"column":5}},"38":{"start":{"line":139,"column":6},"end":{"line":139,"column":107}},"39":{"start":{"line":141,"column":4},"end":{"line":141,"column":14}},"40":{"start":{"line":142,"column":4},"end":{"line":142,"column":13}},"41":{"start":{"line":143,"column":4},"end":{"line":143,"column":104}},"42":{"start":{"line":156,"column":2},"end":{"line":158,"column":3}},"43":{"start":{"line":157,"column":4},"end":{"line":157,"column":20}},"44":{"start":{"line":159,"column":2},"end":{"line":159,"column":17}},"45":{"start":{"line":162,"column":0},"end":{"line":162,"column":19}}},"fnMap":{"0":{"name":"(anonymous_0)","decl":{"start":{"line":10,"column":2},"end":{"line":10,"column":3}},"loc":{"start":{"line":10,"column":23},"end":{"line":26,"column":3}},"line":10},"1":{"name":"(anonymous_1)","decl":{"start":{"line":33,"column":2},"end":{"line":33,"column":3}},"loc":{"start":{"line":33,"column":13},"end":{"line":35,"column":3}},"line":33},"2":{"name":"(anonymous_2)","decl":{"start":{"line":42,"column":2},"end":{"line":42,"column":3}},"loc":{"start":{"line":42,"column":14},"end":{"line":44,"column":3}},"line":42},"3":{"name":"(anonymous_3)","decl":{"start":{"line":51,"column":2},"end":{"line":51,"column":3}},"loc":{"start":{"line":51,"column":12},"end":{"line":53,"column":3}},"line":51},"4":{"name":"(anonymous_4)","decl":{"start":{"line":60,"column":2},"end":{"line":60,"column":3}},"loc":{"start":{"line":60,"column":13},"end":{"line":62,"column":3}},"line":60},"5":{"name":"(anonymous_5)","decl":{"start":{"line":70,"column":2},"end":{"line":70,"column":3}},"loc":{"start":{"line":70,"column":12},"end":{"line":72,"column":3}},"line":70},"6":{"name":"(anonymous_6)","decl":{"start":{"line":79,"column":2},"end":{"line":79,"column":3}},"loc":{"start":{"line":79,"column":13},"end":{"line":81,"column":3}},"line":79},"7":{"name":"(anonymous_7)","decl":{"start":{"line":90,"column":2},"end":{"line":90,"column":3}},"loc":{"start":{"line":90,"column":18},"end":{"line":106,"column":3}},"line":90},"8":{"name":"(anonymous_8)","decl":{"start":{"line":114,"column":2},"end":{"line":114,"column":3}},"loc":{"start":{"line":114,"column":9},"end":{"line":144,"column":3}},"line":114},"9":{"name":"pad","decl":{"start":{"line":155,"column":9},"end":{"line":155,"column":12}},"loc":{"start":{"line":155,"column":17},"end":{"line":160,"column":1}},"line":155}},"branchMap":{"0":{"loc":{"start":{"line":90,"column":9},"end":{"line":90,"column":16}},"type":"default-arg","locations":[{"start":{"line":90,"column":11},"end":{"line":90,"column":16}}],"line":90},"1":{"loc":{"start":{"line":91,"column":4},"end":{"line":105,"column":5}},"type":"if","locations":[{"start":{"line":91,"column":4},"end":{"line":105,"column":5}},{"start":{"line":91,"column":4},"end":{"line":105,"column":5}}],"line":91},"2":{"loc":{"start":{"line":97,"column":8},"end":{"line":102,"column":9}},"type":"if","locations":[{"start":{"line":97,"column":8},"end":{"line":102,"column":9}},{"start":{"line":97,"column":8},"end":{"line":102,"column":9}}],"line":97},"3":{"loc":{"start":{"line":117,"column":4},"end":{"line":119,"column":5}},"type":"if","locations":[{"start":{"line":117,"column":4},"end":{"line":119,"column":5}},{"start":{"line":117,"column":4},"end":{"line":119,"column":5}}],"line":117},"4":{"loc":{"start":{"line":121,"column":4},"end":{"line":123,"column":5}},"type":"if","locations":[{"start":{"line":121,"column":4},"end":{"line":123,"column":5}},{"start":{"line":121,"column":4},"end":{"line":123,"column":5}}],"line":121},"5":{"loc":{"start":{"line":122,"column":41},"end":{"line":122,"column":70}},"type":"cond-expr","locations":[{"start":{"line":122,"column":62},"end":{"line":122,"column":65}},{"start":{"line":122,"column":68},"end":{"line":122,"column":70}}],"line":122},"6":{"loc":{"start":{"line":122,"column":76},"end":{"line":122,"column":107}},"type":"cond-expr","locations":[{"start":{"line":122,"column":87},"end":{"line":122,"column":98}},{"start":{"line":122,"column":101},"end":{"line":122,"column":107}}],"line":122},"7":{"loc":{"start":{"line":125,"column":4},"end":{"line":127,"column":5}},"type":"if","locations":[{"start":{"line":125,"column":4},"end":{"line":127,"column":5}},{"start":{"line":125,"column":4},"end":{"line":127,"column":5}}],"line":125},"8":{"loc":{"start":{"line":126,"column":41},"end":{"line":126,"column":70}},"type":"cond-expr","locations":[{"start":{"line":126,"column":62},"end":{"line":126,"column":65}},{"start":{"line":126,"column":68},"end":{"line":126,"column":70}}],"line":126},"9":{"loc":{"start":{"line":126,"column":76},"end":{"line":126,"column":107}},"type":"cond-expr","locations":[{"start":{"line":126,"column":87},"end":{"line":126,"column":98}},{"start":{"line":126,"column":101},"end":{"line":126,"column":107}}],"line":126},"10":{"loc":{"start":{"line":129,"column":4},"end":{"line":131,"column":5}},"type":"if","locations":[{"start":{"line":129,"column":4},"end":{"line":131,"column":5}},{"start":{"line":129,"column":4},"end":{"line":131,"column":5}}],"line":129},"11":{"loc":{"start":{"line":130,"column":39},"end":{"line":130,"column":68}},"type":"cond-expr","locations":[{"start":{"line":130,"column":60},"end":{"line":130,"column":63}},{"start":{"line":130,"column":66},"end":{"line":130,"column":68}}],"line":130},"12":{"loc":{"start":{"line":130,"column":74},"end":{"line":130,"column":105}},"type":"cond-expr","locations":[{"start":{"line":130,"column":85},"end":{"line":130,"column":96}},{"start":{"line":130,"column":99},"end":{"line":130,"column":105}}],"line":130},"13":{"loc":{"start":{"line":133,"column":4},"end":{"line":135,"column":5}},"type":"if","locations":[{"start":{"line":133,"column":4},"end":{"line":135,"column":5}},{"start":{"line":133,"column":4},"end":{"line":135,"column":5}}],"line":133},"14":{"loc":{"start":{"line":134,"column":38},"end":{"line":134,"column":67}},"type":"cond-expr","locations":[{"start":{"line":134,"column":59},"end":{"line":134,"column":62}},{"start":{"line":134,"column":65},"end":{"line":134,"column":67}}],"line":134},"15":{"loc":{"start":{"line":134,"column":73},"end":{"line":134,"column":104}},"type":"cond-expr","locations":[{"start":{"line":134,"column":84},"end":{"line":134,"column":95}},{"start":{"line":134,"column":98},"end":{"line":134,"column":104}}],"line":134},"16":{"loc":{"start":{"line":138,"column":4},"end":{"line":140,"column":5}},"type":"if","locations":[{"start":{"line":138,"column":4},"end":{"line":140,"column":5}},{"start":{"line":138,"column":4},"end":{"line":140,"column":5}}],"line":138},"17":{"loc":{"start":{"line":139,"column":40},"end":{"line":139,"column":69}},"type":"cond-expr","locations":[{"start":{"line":139,"column":61},"end":{"line":139,"column":64}},{"start":{"line":139,"column":67},"end":{"line":139,"column":69}}],"line":139},"18":{"loc":{"start":{"line":139,"column":75},"end":{"line":139,"column":106}},"type":"cond-expr","locations":[{"start":{"line":139,"column":86},"end":{"line":139,"column":97}},{"start":{"line":139,"column":100},"end":{"line":139,"column":106}}],"line":139},"19":{"loc":{"start":{"line":143,"column":37},"end":{"line":143,"column":66}},"type":"cond-expr","locations":[{"start":{"line":143,"column":58},"end":{"line":143,"column":61}},{"start":{"line":143,"column":64},"end":{"line":143,"column":66}}],"line":143},"20":{"loc":{"start":{"line":143,"column":72},"end":{"line":143,"column":103}},"type":"cond-expr","locations":[{"start":{"line":143,"column":83},"end":{"line":143,"column":94}},{"start":{"line":143,"column":97},"end":{"line":143,"column":103}}],"line":143},"21":{"loc":{"start":{"line":156,"column":2},"end":{"line":158,"column":3}},"type":"if","locations":[{"start":{"line":156,"column":2},"end":{"line":158,"column":3}},{"start":{"line":156,"column":2},"end":{"line":158,"column":3}}],"line":156}},"s":{"0":1,"1":1,"2":9,"3":9,"4":22,"5":22,"6":22,"7":21,"8":21,"9":21,"10":7,"11":1,"12":6,"13":6,"14":6,"15":36,"16":21,"17":15,"18":6,"19":8,"20":8,"21":8,"22":1,"23":7,"24":7,"25":1,"26":6,"27":6,"28":1,"29":5,"30":5,"31":1,"32":4,"33":4,"34":1,"35":3,"36":3,"37":3,"38":1,"39":2,"40":2,"41":2,"42":36,"43":14,"44":22,"45":1},"f":{"0":9,"1":22,"2":22,"3":22,"4":21,"5":21,"6":21,"7":7,"8":8,"9":36},"b":{"0":[1],"1":[1,6],"2":[21,15],"3":[1,7],"4":[1,6],"5":[1,0],"6":[0,1],"7":[1,5],"8":[1,0],"9":[0,1],"10":[1,4],"11":[1,0],"12":[0,1],"13":[1,3],"14":[1,0],"15":[0,1],"16":[1,2],"17":[0,1],"18":[0,1],"19":[1,1],"20":[0,2],"21":[14,22]},"_coverageSchema":"1a1c01bbd47fc00a2c39e90264f33305004495a9","hash":"ccc3f84ee02f5bff66e97f2d8c949543753fad78"}
}
