TN:
SF:umd/date.js
FN:1,(anonymous_0)
FN:1,(anonymous_1)
FN:1,o
FN:1,(anonymous_3)
FN:1,(anonymous_4)
FN:1,(anonymous_5)
FN:1,(anonymous_6)
FN:1,(anonymous_7)
FN:1,(anonymous_8)
FN:1,(anonymous_9)
FN:1,(anonymous_10)
FN:1,(anonymous_11)
FNF:12
FNH:12
FNDA:1,(anonymous_0)
FNDA:1,(anonymous_1)
FNDA:36,o
FNDA:9,(anonymous_3)
FNDA:22,(anonymous_4)
FNDA:22,(anonymous_5)
FNDA:22,(anonymous_6)
FNDA:21,(anonymous_7)
FNDA:21,(anonymous_8)
FNDA:21,(anonymous_9)
FNDA:7,(anonymous_10)
FNDA:8,(anonymous_11)
DA:1,36
LF:1
LH:1
BRDA:1,0,0,1
BRDA:1,0,1,0
BRDA:1,1,0,1
BRDA:1,1,1,1
BRDA:1,2,0,0
BRDA:1,2,1,0
BRDA:1,3,0,0
BRDA:1,3,1,0
BRDA:1,4,0,0
BRDA:1,4,1,0
BRDA:1,5,0,0
BRDA:1,5,1,0
BRDA:1,6,0,19
BRDA:1,6,1,17
BRDA:1,7,0,1
BRDA:1,8,0,1
BRDA:1,8,1,6
BRDA:1,9,0,21
BRDA:1,9,1,15
BRDA:1,10,0,1
BRDA:1,10,1,7
BRDA:1,11,0,1
BRDA:1,11,1,6
BRDA:1,12,0,1
BRDA:1,12,1,0
BRDA:1,13,0,0
BRDA:1,13,1,1
BRDA:1,14,0,1
BRDA:1,14,1,5
BRDA:1,15,0,1
BRDA:1,15,1,0
BRDA:1,16,0,0
BRDA:1,16,1,1
BRDA:1,17,0,1
BRDA:1,17,1,4
BRDA:1,18,0,1
BRDA:1,18,1,0
BRDA:1,19,0,0
BRDA:1,19,1,1
BRDA:1,20,0,1
BRDA:1,20,1,3
BRDA:1,21,0,1
BRDA:1,21,1,0
BRDA:1,22,0,0
BRDA:1,22,1,1
BRDA:1,23,0,1
BRDA:1,23,1,2
BRDA:1,24,0,0
BRDA:1,24,1,1
BRDA:1,25,0,0
BRDA:1,25,1,1
BRDA:1,26,0,1
BRDA:1,26,1,1
BRDA:1,27,0,0
BRDA:1,27,1,2
BRF:55
BRH:35
end_of_record
