TN:
SF:date.js
FN:10,(anonymous_0)
FN:33,(anonymous_1)
FN:42,(anonymous_2)
FN:51,(anonymous_3)
FN:60,(anonymous_4)
FN:70,(anonymous_5)
FN:79,(anonymous_6)
FN:90,(anonymous_7)
FN:114,(anonymous_8)
FN:155,pad
FNF:10
FNH:10
FNDA:9,(anonymous_0)
FNDA:22,(anonymous_1)
FNDA:22,(anonymous_2)
FNDA:22,(anonymous_3)
FNDA:21,(anonymous_4)
FNDA:21,(anonymous_5)
FNDA:21,(anonymous_6)
FNDA:7,(anonymous_7)
FNDA:8,(anonymous_8)
FNDA:36,pad
DA:3,1
DA:6,1
DA:11,9
DA:12,9
DA:34,22
DA:43,22
DA:52,22
DA:61,21
DA:71,21
DA:80,21
DA:91,7
DA:92,1
DA:95,6
DA:96,6
DA:97,36
DA:98,21
DA:101,15
DA:104,6
DA:115,8
DA:116,8
DA:117,8
DA:118,1
DA:120,7
DA:121,7
DA:122,1
DA:124,6
DA:125,6
DA:126,1
DA:128,5
DA:129,5
DA:130,1
DA:132,4
DA:133,4
DA:134,1
DA:136,3
DA:137,3
DA:138,3
DA:139,1
DA:141,2
DA:142,2
DA:143,2
DA:156,36
DA:157,14
DA:159,22
DA:162,1
LF:45
LH:45
BRDA:90,0,0,1
BRDA:91,1,0,1
BRDA:91,1,1,6
BRDA:97,2,0,21
BRDA:97,2,1,15
BRDA:117,3,0,1
BRDA:117,3,1,7
BRDA:121,4,0,1
BRDA:121,4,1,6
BRDA:122,5,0,1
BRDA:122,5,1,0
BRDA:122,6,0,0
BRDA:122,6,1,1
BRDA:125,7,0,1
BRDA:125,7,1,5
BRDA:126,8,0,1
BRDA:126,8,1,0
BRDA:126,9,0,0
BRDA:126,9,1,1
BRDA:129,10,0,1
BRDA:129,10,1,4
BRDA:130,11,0,1
BRDA:130,11,1,0
BRDA:130,12,0,0
BRDA:130,12,1,1
BRDA:133,13,0,1
BRDA:133,13,1,3
BRDA:134,14,0,1
BRDA:134,14,1,0
BRDA:134,15,0,0
BRDA:134,15,1,1
BRDA:138,16,0,1
BRDA:138,16,1,2
BRDA:139,17,0,0
BRDA:139,17,1,1
BRDA:139,18,0,0
BRDA:139,18,1,1
BRDA:143,19,0,1
BRDA:143,19,1,1
BRDA:143,20,0,0
BRDA:143,20,1,2
BRDA:156,21,0,14
BRDA:156,21,1,22
BRF:43
BRH:32
end_of_record
